/*C3*/SET SCHEMA PUBLIC
CONNECT USER SA
SET AUTOCOMMIT FALSE
DISCONNECT
/*C4*/SET SCHEMA PUBLIC
CONNECT USER SA
SET AUTOCOMMIT FALSE
DISCONNECT
/*C5*/SET SCHEMA PUBLIC
CONNECT USER SA
SET AUTOCOMMIT FALSE
DISCONNECT
/*C6*/SET SCHEMA PUBLIC
CONNECT USER SA
SET AUTOCOMMIT FALSE
DISCONNECT
/*C7*/SET SCHEMA PUBLIC
CONNECT USER SA
SET AUTOCOMMIT FALSE
DISCONNECT
/*C8*/SET SCHEMA PUBLIC
CONNECT USER SA
SET AUTOCOMMIT FALSE
DISCONNECT
/*C9*/SET SCHEMA PUBLIC
CONNECT USER SA
SET AUTOCOMMIT FALSE
DISCONNECT
/*C10*/SET SCHEMA PUBLIC
CONNECT USER SA
SET AUTOCOMMIT FALSE
DISCONNECT
/*C11*/SET SCHEMA PUBLIC
CONNECT USER SA
SET AUTOCOMMIT FALSE
INSERT INTO SALE VALUES(14,'2014-11-24 13:11:10.588000000',1)
INSERT INTO SOLDITEM VALUES(19,14,1,'Layz kr\u00f5psud',1,10.5)
DELETE FROM STOCKITEM WHERE ID=1
INSERT INTO STOCKITEM VALUES(1,'Layz kr\u00f5psud',10.5,95,NULL)
COMMIT
INSERT INTO SALE VALUES(15,'2014-11-24 13:11:40.204000000',1)
INSERT INTO SOLDITEM VALUES(20,15,1,'Layz kr\u00f5psud',1,10.5)
INSERT INTO SOLDITEM VALUES(21,15,1,'Layz kr\u00f5psud',1,10.5)
INSERT INTO SOLDITEM VALUES(22,15,1,'Layz kr\u00f5psud',1,10.5)
INSERT INTO SOLDITEM VALUES(23,15,1,'Layz kr\u00f5psud',1,10.5)
INSERT INTO SOLDITEM VALUES(24,15,1,'Layz kr\u00f5psud',1,10.5)
INSERT INTO SOLDITEM VALUES(25,15,1,'Layz kr\u00f5psud',1,10.5)
INSERT INTO SOLDITEM VALUES(26,15,1,'Layz kr\u00f5psud',1,10.5)
INSERT INTO SOLDITEM VALUES(27,15,1,'Layz kr\u00f5psud',1,10.5)
INSERT INTO SOLDITEM VALUES(28,15,1,'Layz kr\u00f5psud',1,10.5)
INSERT INTO SOLDITEM VALUES(29,15,1,'Layz kr\u00f5psud',1,10.5)
INSERT INTO SOLDITEM VALUES(30,15,1,'Layz kr\u00f5psud',1,10.5)
INSERT INTO SOLDITEM VALUES(31,15,1,'Layz kr\u00f5psud',1,10.5)
INSERT INTO SOLDITEM VALUES(32,15,1,'Layz kr\u00f5psud',1,10.5)
INSERT INTO SOLDITEM VALUES(33,15,1,'Layz kr\u00f5psud',1,10.5)
INSERT INTO SOLDITEM VALUES(34,15,1,'Layz kr\u00f5psud',1,10.5)
INSERT INTO SOLDITEM VALUES(35,15,1,'Layz kr\u00f5psud',1,10.5)
INSERT INTO SOLDITEM VALUES(36,15,1,'Layz kr\u00f5psud',1,10.5)
INSERT INTO SOLDITEM VALUES(37,15,1,'Layz kr\u00f5psud',1,10.5)
INSERT INTO SOLDITEM VALUES(38,15,1,'Layz kr\u00f5psud',1,10.5)
INSERT INTO SOLDITEM VALUES(39,15,1,'Layz kr\u00f5psud',1,10.5)
DELETE FROM STOCKITEM WHERE ID=1
INSERT INTO STOCKITEM VALUES(1,'Layz kr\u00f5psud',10.5,74,NULL)
DELETE FROM SOLDITEM WHERE ID=19
INSERT INTO SOLDITEM VALUES(19,15,1,'Layz kr\u00f5psud',1,10.5)
COMMIT
DISCONNECT
/*C12*/SET SCHEMA PUBLIC
CONNECT USER SA
DISCONNECT
/*C13*/SET SCHEMA PUBLIC
CONNECT USER SA
DISCONNECT
/*C14*/SET SCHEMA PUBLIC
CONNECT USER SA
SET AUTOCOMMIT FALSE
INSERT INTO SALE VALUES(16,'2014-11-24 18:43:11.854000000',1)
INSERT INTO SOLDITEM VALUES(40,16,1,'Layz kr\u00f5psud',1,10.5)
DELETE FROM STOCKITEM WHERE ID=1
INSERT INTO STOCKITEM VALUES(1,'Layz kr\u00f5psud',10.5,73,NULL)
COMMIT
DISCONNECT
/*C15*/SET SCHEMA PUBLIC
CONNECT USER SA
SET AUTOCOMMIT FALSE
INSERT INTO SALE VALUES(17,'2014-11-24 18:46:55.485000000',1)
INSERT INTO SOLDITEM VALUES(41,17,1,'Layz kr\u00f5psud',1,10.5)
DELETE FROM STOCKITEM WHERE ID=1
INSERT INTO STOCKITEM VALUES(1,'Layz kr\u00f5psud',10.5,72,NULL)
COMMIT
DISCONNECT
