2014-10-06 12:11:20 INFO  Intro:20 - Intro started
2014-10-13 10:06:28 INFO  Intro:20 - Intro started
2014-10-13 10:55:45 INFO  Intro:20 - Intro started
2014-10-13 10:55:51 INFO  Intro:20 - Intro started
2014-10-13 10:55:59 INFO  Intro:20 - Intro started
2014-10-13 11:20:37 INFO  Intro:29 - Intro started
2014-10-13 11:29:46 INFO  Intro:26 - Intro started
2014-10-13 12:32:50 INFO  Intro:26 - Intro started
2014-10-13 12:32:58 INFO  Intro:26 - Intro started
2014-10-13 12:37:41 INFO  Intro:26 - Intro started
2014-10-13 12:38:08 INFO  Intro:26 - Intro started
2014-10-13 12:39:28 INFO  Intro:26 - Intro started
2014-10-13 12:40:09 INFO  Intro:26 - Intro started
2014-10-13 13:53:15 INFO  Intro:26 - Intro started
2014-10-13 20:58:54 INFO  Intro:26 - Intro started
2014-10-15 12:16:13 INFO  Intro:26 - Intro started
2014-10-15 12:30:50 INFO  Intro:55 - Intro started
2014-10-15 12:30:59 INFO  PurchaseTab:146 - New sale process started
2014-10-15 12:31:01 INFO  PurchaseTab:171 - Sale complete
2014-10-15 12:31:01 ERROR PurchaseTab:180 - Underaged!
2014-10-15 12:31:01 INFO  PurchaseTab:158 - Sale cancelled
